Your app is listening on port 3000
{"hash":"QmbKo7k7DDKpvUGtyCeKqyUsashNa8BnsEfA5pVuctSRDF","path":"/"}
{"hash":"QmRp25h6eutF8gm7A2E7Jq69vQcHQh1JoRjAxT9feXzYmc","path":"/www/"}
{"hash":"QmRp25h6eutF8gm7A2E7Jq69vQcHQh1JoRjAxT9feXzYmc","path":"/www/"}
{"hash":"QmRp25h6eutF8gm7A2E7Jq69vQcHQh1JoRjAxT9feXzYmc","path":"/www/"}
{"hash":"QmRp25h6eutF8gm7A2E7Jq69vQcHQh1JoRjAxT9feXzYmc","path":"/www/"}
{"hash":"QmSN5fbQjMHJ7kXnPsh5pU4CJc7uWrAuC7RjyXtpan4MYb","path":"/blog/"}
{"hash":"QmbKo7k7DDKpvUGtyCeKqyUsashNa8BnsEfA5pVuctSRDF","path":"/"}
{"hash":"QmbKo7k7DDKpvUGtyCeKqyUsashNa8BnsEfA5pVuctSRDF","path":"/"}
{"hash":"QmbKo7k7DDKpvUGtyCeKqyUsashNa8BnsEfA5pVuctSRDF","path":"/"}
{"hash":"QmbNez5Zg6zUuox6Tfd9om2UyVU2gLgvFYauaLzwiQsSWG","path":"/www/"}
{"hash":"QmbNez5Zg6zUuox6Tfd9om2UyVU2gLgvFYauaLzwiQsSWG","path":"/www/"}
{"hash":"QmbNez5Zg6zUuox6Tfd9om2UyVU2gLgvFYauaLzwiQsSWG","path":"/www/"}
{"hash":"QmbKo7k7DDKpvUGtyCeKqyUsashNa8BnsEfA5pVuctSRDF","path":"/"}
{"hash":"QmbKo7k7DDKpvUGtyCeKqyUsashNa8BnsEfA5pVuctSRDF","path":"/"}
{"hash":"QmbKo7k7DDKpvUGtyCeKqyUsashNa8BnsEfA5pVuctSRDF","path":"/"}
{"hash":"QmbKo7k7DDKpvUGtyCeKqyUsashNa8BnsEfA5pVuctSRDF","path":"/"}
{"hash":"QmbKo7k7DDKpvUGtyCeKqyUsashNa8BnsEfA5pVuctSRDF","path":"/"}
{"hash":"QmbKo7k7DDKpvUGtyCeKqyUsashNa8BnsEfA5pVuctSRDF","path":"/"}
{"hash":"QmbKo7k7DDKpvUGtyCeKqyUsashNa8BnsEfA5pVuctSRDF","path":"/"}
{"hash":"QmbKo7k7DDKpvUGtyCeKqyUsashNa8BnsEfA5pVuctSRDF","path":"/"}
{"hash":"QmbKo7k7DDKpvUGtyCeKqyUsashNa8BnsEfA5pVuctSRDF","path":"/"}
{"hash":"QmbKo7k7DDKpvUGtyCeKqyUsashNa8BnsEfA5pVuctSRDF","path":"/"}
{"hash":"QmRAAH3wBspGWSb5xzq1fQBnMzj2KbTAediAD3NUArB2YS","path":"/www/"}
{"hash":"QmbKo7k7DDKpvUGtyCeKqyUsashNa8BnsEfA5pVuctSRDF","path":"/"}
{"hash":"QmbKo7k7DDKpvUGtyCeKqyUsashNa8BnsEfA5pVuctSRDF","path":"/"}
{"hash":"QmRAAH3wBspGWSb5xzq1fQBnMzj2KbTAediAD3NUArB2YS","path":"/www/"}
{"hash":"QmbKo7k7DDKpvUGtyCeKqyUsashNa8BnsEfA5pVuctSRDF","path":"/"}
{"hash":"QmbKo7k7DDKpvUGtyCeKqyUsashNa8BnsEfA5pVuctSRDF","path":"/"}
{"hash":"QmbKo7k7DDKpvUGtyCeKqyUsashNa8BnsEfA5pVuctSRDF","path":"/"}
{"hash":"QmbKo7k7DDKpvUGtyCeKqyUsashNa8BnsEfA5pVuctSRDF","path":"/"}
{"hash":"QmbKo7k7DDKpvUGtyCeKqyUsashNa8BnsEfA5pVuctSRDF","path":"/"}
{"hash":"QmbKo7k7DDKpvUGtyCeKqyUsashNa8BnsEfA5pVuctSRDF","path":"/"}
{"hash":"QmbKo7k7DDKpvUGtyCeKqyUsashNa8BnsEfA5pVuctSRDF","path":"/"}
{"hash":"QmbKo7k7DDKpvUGtyCeKqyUsashNa8BnsEfA5pVuctSRDF","path":"/"}
{"hash":"QmbKo7k7DDKpvUGtyCeKqyUsashNa8BnsEfA5pVuctSRDF","path":"/"}
{"hash":"QmbKo7k7DDKpvUGtyCeKqyUsashNa8BnsEfA5pVuctSRDF","path":"/"}
{"hash":"QmbKo7k7DDKpvUGtyCeKqyUsashNa8BnsEfA5pVuctSRDF","path":"/"}
{"hash":"QmbKo7k7DDKpvUGtyCeKqyUsashNa8BnsEfA5pVuctSRDF","path":"/"}
{"hash":"QmbKo7k7DDKpvUGtyCeKqyUsashNa8BnsEfA5pVuctSRDF","path":"/"}
{"hash":"QmbKo7k7DDKpvUGtyCeKqyUsashNa8BnsEfA5pVuctSRDF","path":"/"}
{"hash":"QmbKo7k7DDKpvUGtyCeKqyUsashNa8BnsEfA5pVuctSRDF","path":"/"}
{"hash":"QmbKo7k7DDKpvUGtyCeKqyUsashNa8BnsEfA5pVuctSRDF","path":"/"}
{"hash":"QmbKo7k7DDKpvUGtyCeKqyUsashNa8BnsEfA5pVuctSRDF","path":"/"}
{"hash":"QmbKo7k7DDKpvUGtyCeKqyUsashNa8BnsEfA5pVuctSRDF","path":"/"}
{"hash":"QmbKo7k7DDKpvUGtyCeKqyUsashNa8BnsEfA5pVuctSRDF","path":"/"}
{"hash":"QmbKo7k7DDKpvUGtyCeKqyUsashNa8BnsEfA5pVuctSRDF","path":"/"}
{"hash":"QmbKo7k7DDKpvUGtyCeKqyUsashNa8BnsEfA5pVuctSRDF","path":"/"}
{"hash":"QmbKo7k7DDKpvUGtyCeKqyUsashNa8BnsEfA5pVuctSRDF","path":"/"}
{"hash":"QmbKo7k7DDKpvUGtyCeKqyUsashNa8BnsEfA5pVuctSRDF","path":"/"}
{"hash":"QmRAAH3wBspGWSb5xzq1fQBnMzj2KbTAediAD3NUArB2YS","path":"/www/"}
{"hash":"QmbKo7k7DDKpvUGtyCeKqyUsashNa8BnsEfA5pVuctSRDF","path":"/"}
{"hash":"QmbKo7k7DDKpvUGtyCeKqyUsashNa8BnsEfA5pVuctSRDF","path":"/"}
{"hash":"QmbKo7k7DDKpvUGtyCeKqyUsashNa8BnsEfA5pVuctSRDF","path":"/"}
{"hash":"QmbKo7k7DDKpvUGtyCeKqyUsashNa8BnsEfA5pVuctSRDF","path":"/"}
{"hash":"QmbKo7k7DDKpvUGtyCeKqyUsashNa8BnsEfA5pVuctSRDF","path":"/"}
{"hash":"QmbKo7k7DDKpvUGtyCeKqyUsashNa8BnsEfA5pVuctSRDF","path":"/"}
{"hash":"QmbKo7k7DDKpvUGtyCeKqyUsashNa8BnsEfA5pVuctSRDF","path":"/"}
{"hash":"QmbKo7k7DDKpvUGtyCeKqyUsashNa8BnsEfA5pVuctSRDF","path":"/"}
{"hash":"QmbKo7k7DDKpvUGtyCeKqyUsashNa8BnsEfA5pVuctSRDF","path":"/"}
{"hash":"QmbKo7k7DDKpvUGtyCeKqyUsashNa8BnsEfA5pVuctSRDF","path":"/"}
{"hash":"QmbKo7k7DDKpvUGtyCeKqyUsashNa8BnsEfA5pVuctSRDF","path":"/"}
{"hash":"QmbKo7k7DDKpvUGtyCeKqyUsashNa8BnsEfA5pVuctSRDF","path":"/"}
{"hash":"QmbKo7k7DDKpvUGtyCeKqyUsashNa8BnsEfA5pVuctSRDF","path":"/"}
{"hash":"QmbKo7k7DDKpvUGtyCeKqyUsashNa8BnsEfA5pVuctSRDF","path":"/"}
{"hash":"QmbKo7k7DDKpvUGtyCeKqyUsashNa8BnsEfA5pVuctSRDF","path":"/"}
{"hash":"QmbKo7k7DDKpvUGtyCeKqyUsashNa8BnsEfA5pVuctSRDF","path":"/"}
{"hash":"QmbKo7k7DDKpvUGtyCeKqyUsashNa8BnsEfA5pVuctSRDF","path":"/"}
{"hash":"QmNayTCM2NZWUEvNvjiyxNWcUCCCJwMohWfysWYxdHEnHd","path":"/blog/"}
{"hash":"QmbKo7k7DDKpvUGtyCeKqyUsashNa8BnsEfA5pVuctSRDF","path":"/"}
{"hash":"QmSN5fbQjMHJ7kXnPsh5pU4CJc7uWrAuC7RjyXtpan4MYb","path":"/blog/"}
{"hash":"QmSN5fbQjMHJ7kXnPsh5pU4CJc7uWrAuC7RjyXtpan4MYb","path":"/blog/"}
{"hash":"QmSN5fbQjMHJ7kXnPsh5pU4CJc7uWrAuC7RjyXtpan4MYb","path":"/blog/"}
{"hash":"QmSN5fbQjMHJ7kXnPsh5pU4CJc7uWrAuC7RjyXtpan4MYb","path":"/blog/"}
{"hash":"QmSN5fbQjMHJ7kXnPsh5pU4CJc7uWrAuC7RjyXtpan4MYb","path":"/blog/"}
{"hash":"QmSN5fbQjMHJ7kXnPsh5pU4CJc7uWrAuC7RjyXtpan4MYb","path":"/blog/"}
{"hash":"QmSN5fbQjMHJ7kXnPsh5pU4CJc7uWrAuC7RjyXtpan4MYb","path":"/blog/"}
{"hash":"QmSN5fbQjMHJ7kXnPsh5pU4CJc7uWrAuC7RjyXtpan4MYb","path":"/blog/"}
{"hash":"QmSN5fbQjMHJ7kXnPsh5pU4CJc7uWrAuC7RjyXtpan4MYb","path":"/blog/"}
{"hash":"QmSN5fbQjMHJ7kXnPsh5pU4CJc7uWrAuC7RjyXtpan4MYb","path":"/blog/"}
{"hash":"QmSN5fbQjMHJ7kXnPsh5pU4CJc7uWrAuC7RjyXtpan4MYb","path":"/blog/"}
{"hash":"QmSN5fbQjMHJ7kXnPsh5pU4CJc7uWrAuC7RjyXtpan4MYb","path":"/blog/"}
{"hash":"QmSN5fbQjMHJ7kXnPsh5pU4CJc7uWrAuC7RjyXtpan4MYb","path":"/blog/"}
{"hash":"QmSN5fbQjMHJ7kXnPsh5pU4CJc7uWrAuC7RjyXtpan4MYb","path":"/blog/"}
{"hash":"QmSN5fbQjMHJ7kXnPsh5pU4CJc7uWrAuC7RjyXtpan4MYb","path":"/blog/"}
{"hash":"QmSN5fbQjMHJ7kXnPsh5pU4CJc7uWrAuC7RjyXtpan4MYb","path":"/blog/"}
{"hash":"QmSN5fbQjMHJ7kXnPsh5pU4CJc7uWrAuC7RjyXtpan4MYb","path":"/blog/"}
{"hash":"QmSN5fbQjMHJ7kXnPsh5pU4CJc7uWrAuC7RjyXtpan4MYb","path":"/blog/"}
{"hash":"QmbKo7k7DDKpvUGtyCeKqyUsashNa8BnsEfA5pVuctSRDF","path":"/"}
{"hash":"QmbKo7k7DDKpvUGtyCeKqyUsashNa8BnsEfA5pVuctSRDF","path":"/"}
{"hash":"QmbKo7k7DDKpvUGtyCeKqyUsashNa8BnsEfA5pVuctSRDF","path":"/"}
{"hash":"QmRAAH3wBspGWSb5xzq1fQBnMzj2KbTAediAD3NUArB2YS","path":"/www/"}
{"hash":"QmRAAH3wBspGWSb5xzq1fQBnMzj2KbTAediAD3NUArB2YS","path":"/www/"}
{"hash":"QmbKo7k7DDKpvUGtyCeKqyUsashNa8BnsEfA5pVuctSRDF","path":"/"}
{"hash":"QmbKo7k7DDKpvUGtyCeKqyUsashNa8BnsEfA5pVuctSRDF","path":"/"}
{"hash":"QmbKo7k7DDKpvUGtyCeKqyUsashNa8BnsEfA5pVuctSRDF","path":"/"}
{"hash":"QmbKo7k7DDKpvUGtyCeKqyUsashNa8BnsEfA5pVuctSRDF","path":"/"}
{"hash":"QmbKo7k7DDKpvUGtyCeKqyUsashNa8BnsEfA5pVuctSRDF","path":"/"}
{"hash":"QmbKo7k7DDKpvUGtyCeKqyUsashNa8BnsEfA5pVuctSRDF","path":"/"}
{"hash":"QmbKo7k7DDKpvUGtyCeKqyUsashNa8BnsEfA5pVuctSRDF","path":"/"}
{"hash":"QmbKo7k7DDKpvUGtyCeKqyUsashNa8BnsEfA5pVuctSRDF","path":"/"}
{"hash":"QmbKo7k7DDKpvUGtyCeKqyUsashNa8BnsEfA5pVuctSRDF","path":"/"}
{"hash":"QmRAAH3wBspGWSb5xzq1fQBnMzj2KbTAediAD3NUArB2YS","path":"/www/"}
{"hash":"QmbKo7k7DDKpvUGtyCeKqyUsashNa8BnsEfA5pVuctSRDF","path":"/"}
{"hash":"QmbKo7k7DDKpvUGtyCeKqyUsashNa8BnsEfA5pVuctSRDF","path":"/"}
{"hash":"QmbKo7k7DDKpvUGtyCeKqyUsashNa8BnsEfA5pVuctSRDF","path":"/"}
{"hash":"QmbKo7k7DDKpvUGtyCeKqyUsashNa8BnsEfA5pVuctSRDF","path":"/"}
{"hash":"QmbKo7k7DDKpvUGtyCeKqyUsashNa8BnsEfA5pVuctSRDF","path":"/"}
{"hash":"QmbKo7k7DDKpvUGtyCeKqyUsashNa8BnsEfA5pVuctSRDF","path":"/"}
{"hash":"QmbKo7k7DDKpvUGtyCeKqyUsashNa8BnsEfA5pVuctSRDF","path":"/"}
{"hash":"QmbKo7k7DDKpvUGtyCeKqyUsashNa8BnsEfA5pVuctSRDF","path":"/"}
{"hash":"QmbKo7k7DDKpvUGtyCeKqyUsashNa8BnsEfA5pVuctSRDF","path":"/"}
{"hash":"QmbKo7k7DDKpvUGtyCeKqyUsashNa8BnsEfA5pVuctSRDF","path":"/"}
{"hash":"QmbKo7k7DDKpvUGtyCeKqyUsashNa8BnsEfA5pVuctSRDF","path":"/"}
{"hash":"QmbKo7k7DDKpvUGtyCeKqyUsashNa8BnsEfA5pVuctSRDF","path":"/"}
{"hash":"QmbKo7k7DDKpvUGtyCeKqyUsashNa8BnsEfA5pVuctSRDF","path":"/"}
{"hash":"QmbKo7k7DDKpvUGtyCeKqyUsashNa8BnsEfA5pVuctSRDF","path":"/"}
{"hash":"QmbKo7k7DDKpvUGtyCeKqyUsashNa8BnsEfA5pVuctSRDF","path":"/"}
{"hash":"QmbKo7k7DDKpvUGtyCeKqyUsashNa8BnsEfA5pVuctSRDF","path":"/"}
{"hash":"QmbKo7k7DDKpvUGtyCeKqyUsashNa8BnsEfA5pVuctSRDF","path":"/"}
{"hash":"QmbKo7k7DDKpvUGtyCeKqyUsashNa8BnsEfA5pVuctSRDF","path":"/"}
{"hash":"QmbKo7k7DDKpvUGtyCeKqyUsashNa8BnsEfA5pVuctSRDF","path":"/"}
{"hash":"QmbKo7k7DDKpvUGtyCeKqyUsashNa8BnsEfA5pVuctSRDF","path":"/"}
{"hash":"QmbKo7k7DDKpvUGtyCeKqyUsashNa8BnsEfA5pVuctSRDF","path":"/"}
{"hash":"QmbKo7k7DDKpvUGtyCeKqyUsashNa8BnsEfA5pVuctSRDF","path":"/"}
{"hash":"QmbKo7k7DDKpvUGtyCeKqyUsashNa8BnsEfA5pVuctSRDF","path":"/"}
{"hash":"QmbKo7k7DDKpvUGtyCeKqyUsashNa8BnsEfA5pVuctSRDF","path":"/"}
{"hash":"QmbKo7k7DDKpvUGtyCeKqyUsashNa8BnsEfA5pVuctSRDF","path":"/"}
{"hash":"QmbKo7k7DDKpvUGtyCeKqyUsashNa8BnsEfA5pVuctSRDF","path":"/"}
{"hash":"QmbKo7k7DDKpvUGtyCeKqyUsashNa8BnsEfA5pVuctSRDF","path":"/"}
{"hash":"QmbKo7k7DDKpvUGtyCeKqyUsashNa8BnsEfA5pVuctSRDF","path":"/"}
{"hash":"QmRRH68GcLskWdouLuQZRg5K4j9U6HK4zeoxY6fpPw371f","path":"/www/"}
{"hash":"QmRRH68GcLskWdouLuQZRg5K4j9U6HK4zeoxY6fpPw371f","path":"/www/"}
{"hash":"QmRRH68GcLskWdouLuQZRg5K4j9U6HK4zeoxY6fpPw371f","path":"/www/"}
{"hash":"QmbKo7k7DDKpvUGtyCeKqyUsashNa8BnsEfA5pVuctSRDF","path":"/"}
{"hash":"QmbKo7k7DDKpvUGtyCeKqyUsashNa8BnsEfA5pVuctSRDF","path":"/"}
{"hash":"QmbKo7k7DDKpvUGtyCeKqyUsashNa8BnsEfA5pVuctSRDF","path":"/"}
{"hash":"QmbKo7k7DDKpvUGtyCeKqyUsashNa8BnsEfA5pVuctSRDF","path":"/"}
{"hash":"QmbKo7k7DDKpvUGtyCeKqyUsashNa8BnsEfA5pVuctSRDF","path":"/"}
{"hash":"QmbKo7k7DDKpvUGtyCeKqyUsashNa8BnsEfA5pVuctSRDF","path":"/"}
{"hash":"QmRRH68GcLskWdouLuQZRg5K4j9U6HK4zeoxY6fpPw371f","path":"/www/"}
{"hash":"QmbKo7k7DDKpvUGtyCeKqyUsashNa8BnsEfA5pVuctSRDF","path":"/"}
{"hash":"QmbKo7k7DDKpvUGtyCeKqyUsashNa8BnsEfA5pVuctSRDF","path":"/"}
{"hash":"QmRRH68GcLskWdouLuQZRg5K4j9U6HK4zeoxY6fpPw371f","path":"/www/"}
{"hash":"QmbKo7k7DDKpvUGtyCeKqyUsashNa8BnsEfA5pVuctSRDF","path":"/"}
{"hash":"QmbKo7k7DDKpvUGtyCeKqyUsashNa8BnsEfA5pVuctSRDF","path":"/"}
{"hash":"QmbKo7k7DDKpvUGtyCeKqyUsashNa8BnsEfA5pVuctSRDF","path":"/"}
{"hash":"QmbKo7k7DDKpvUGtyCeKqyUsashNa8BnsEfA5pVuctSRDF","path":"/"}
{"hash":"QmbKo7k7DDKpvUGtyCeKqyUsashNa8BnsEfA5pVuctSRDF","path":"/"}
{"hash":"QmbKo7k7DDKpvUGtyCeKqyUsashNa8BnsEfA5pVuctSRDF","path":"/"}
{"hash":"QmbKo7k7DDKpvUGtyCeKqyUsashNa8BnsEfA5pVuctSRDF","path":"/"}
{"hash":"QmbKo7k7DDKpvUGtyCeKqyUsashNa8BnsEfA5pVuctSRDF","path":"/"}
{"hash":"QmbKo7k7DDKpvUGtyCeKqyUsashNa8BnsEfA5pVuctSRDF","path":"/"}
{"hash":"QmbKo7k7DDKpvUGtyCeKqyUsashNa8BnsEfA5pVuctSRDF","path":"/"}
{"hash":"QmbKo7k7DDKpvUGtyCeKqyUsashNa8BnsEfA5pVuctSRDF","path":"/"}
Your app is listening on port 3000
Your app is listening on port 3000
Your app is listening on port 3000
Your app is listening on port 3000
Your app is listening on port 3000
{"hash":"QmbKo7k7DDKpvUGtyCeKqyUsashNa8BnsEfA5pVuctSRDF","path":"/"}
{"hash":"QmbKo7k7DDKpvUGtyCeKqyUsashNa8BnsEfA5pVuctSRDF","path":"/"}
{"hash":"QmbKo7k7DDKpvUGtyCeKqyUsashNa8BnsEfA5pVuctSRDF","path":"/"}
{"hash":"QmYeVgeNY6En6QUjVRMfiWhqKqhBccX43TqggeWdPMrJih","path":"/blog/"}
{"hash":"QmYeVgeNY6En6QUjVRMfiWhqKqhBccX43TqggeWdPMrJih","path":"/blog/"}
{"hash":"QmYeVgeNY6En6QUjVRMfiWhqKqhBccX43TqggeWdPMrJih","path":"/blog/"}
{"hash":"QmYeVgeNY6En6QUjVRMfiWhqKqhBccX43TqggeWdPMrJih","path":"/blog/"}
{"hash":"QmYeVgeNY6En6QUjVRMfiWhqKqhBccX43TqggeWdPMrJih","path":"/blog/"}
{"hash":"QmYeVgeNY6En6QUjVRMfiWhqKqhBccX43TqggeWdPMrJih","path":"/blog/"}
{"hash":"QmYeVgeNY6En6QUjVRMfiWhqKqhBccX43TqggeWdPMrJih","path":"/blog/"}
{"hash":"QmYeVgeNY6En6QUjVRMfiWhqKqhBccX43TqggeWdPMrJih","path":"/blog/"}
{"hash":"QmYeVgeNY6En6QUjVRMfiWhqKqhBccX43TqggeWdPMrJih","path":"/blog/"}
{"hash":"QmYeVgeNY6En6QUjVRMfiWhqKqhBccX43TqggeWdPMrJih","path":"/blog/"}
{"hash":"QmbKo7k7DDKpvUGtyCeKqyUsashNa8BnsEfA5pVuctSRDF","path":"/"}
{"hash":"QmbKo7k7DDKpvUGtyCeKqyUsashNa8BnsEfA5pVuctSRDF","path":"/"}
{"hash":"QmWE7YtJkmbdhcLFLYb7EeFU4fvpjHya3N5nhvVYFWfGwj","path":"/www/"}
{"hash":"QmbKo7k7DDKpvUGtyCeKqyUsashNa8BnsEfA5pVuctSRDF","path":"/"}
{"hash":"QmbKo7k7DDKpvUGtyCeKqyUsashNa8BnsEfA5pVuctSRDF","path":"/"}
{"hash":"QmbKo7k7DDKpvUGtyCeKqyUsashNa8BnsEfA5pVuctSRDF","path":"/"}
{"hash":"QmbKo7k7DDKpvUGtyCeKqyUsashNa8BnsEfA5pVuctSRDF","path":"/"}
{"hash":"QmbKo7k7DDKpvUGtyCeKqyUsashNa8BnsEfA5pVuctSRDF","path":"/"}
{"hash":"QmbKo7k7DDKpvUGtyCeKqyUsashNa8BnsEfA5pVuctSRDF","path":"/"}
{"hash":"QmbKo7k7DDKpvUGtyCeKqyUsashNa8BnsEfA5pVuctSRDF","path":"/"}
{"hash":"QmbKo7k7DDKpvUGtyCeKqyUsashNa8BnsEfA5pVuctSRDF","path":"/"}
{"hash":"QmbKo7k7DDKpvUGtyCeKqyUsashNa8BnsEfA5pVuctSRDF","path":"/"}
{"hash":"QmbKo7k7DDKpvUGtyCeKqyUsashNa8BnsEfA5pVuctSRDF","path":"/"}
{"hash":"QmbKo7k7DDKpvUGtyCeKqyUsashNa8BnsEfA5pVuctSRDF","path":"/"}
{"hash":"QmbKo7k7DDKpvUGtyCeKqyUsashNa8BnsEfA5pVuctSRDF","path":"/"}
{"hash":"QmWE7YtJkmbdhcLFLYb7EeFU4fvpjHya3N5nhvVYFWfGwj","path":"/www/"}
{"hash":"QmbKo7k7DDKpvUGtyCeKqyUsashNa8BnsEfA5pVuctSRDF","path":"/"}
{"hash":"QmbKo7k7DDKpvUGtyCeKqyUsashNa8BnsEfA5pVuctSRDF","path":"/"}
{"hash":"QmWE7YtJkmbdhcLFLYb7EeFU4fvpjHya3N5nhvVYFWfGwj","path":"/www/"}
{"hash":"QmWE7YtJkmbdhcLFLYb7EeFU4fvpjHya3N5nhvVYFWfGwj","path":"/www/"}
{"hash":"QmWE7YtJkmbdhcLFLYb7EeFU4fvpjHya3N5nhvVYFWfGwj","path":"/www/"}
{"hash":"QmbKo7k7DDKpvUGtyCeKqyUsashNa8BnsEfA5pVuctSRDF","path":"/"}
{"hash":"QmbKo7k7DDKpvUGtyCeKqyUsashNa8BnsEfA5pVuctSRDF","path":"/"}
{"hash":"QmWE7YtJkmbdhcLFLYb7EeFU4fvpjHya3N5nhvVYFWfGwj","path":"/www/"}
{"hash":"QmbKo7k7DDKpvUGtyCeKqyUsashNa8BnsEfA5pVuctSRDF","path":"/"}
{"hash":"QmbKo7k7DDKpvUGtyCeKqyUsashNa8BnsEfA5pVuctSRDF","path":"/"}
{"hash":"QmbKo7k7DDKpvUGtyCeKqyUsashNa8BnsEfA5pVuctSRDF","path":"/"}
{"hash":"QmbKo7k7DDKpvUGtyCeKqyUsashNa8BnsEfA5pVuctSRDF","path":"/"}
{"hash":"QmbKo7k7DDKpvUGtyCeKqyUsashNa8BnsEfA5pVuctSRDF","path":"/"}
{"hash":"QmbKo7k7DDKpvUGtyCeKqyUsashNa8BnsEfA5pVuctSRDF","path":"/"}
{"hash":"QmbKo7k7DDKpvUGtyCeKqyUsashNa8BnsEfA5pVuctSRDF","path":"/"}
{"hash":"QmbKo7k7DDKpvUGtyCeKqyUsashNa8BnsEfA5pVuctSRDF","path":"/"}
{"hash":"QmbKo7k7DDKpvUGtyCeKqyUsashNa8BnsEfA5pVuctSRDF","path":"/"}
{"hash":"QmbKo7k7DDKpvUGtyCeKqyUsashNa8BnsEfA5pVuctSRDF","path":"/"}
{"hash":"QmbKo7k7DDKpvUGtyCeKqyUsashNa8BnsEfA5pVuctSRDF","path":"/"}
{"hash":"QmbKo7k7DDKpvUGtyCeKqyUsashNa8BnsEfA5pVuctSRDF","path":"/"}
{"hash":"QmbKo7k7DDKpvUGtyCeKqyUsashNa8BnsEfA5pVuctSRDF","path":"/"}
{"hash":"QmWE7YtJkmbdhcLFLYb7EeFU4fvpjHya3N5nhvVYFWfGwj","path":"/www/"}
{"hash":"QmbKo7k7DDKpvUGtyCeKqyUsashNa8BnsEfA5pVuctSRDF","path":"/"}
{"hash":"QmbKo7k7DDKpvUGtyCeKqyUsashNa8BnsEfA5pVuctSRDF","path":"/"}
{"hash":"QmbKo7k7DDKpvUGtyCeKqyUsashNa8BnsEfA5pVuctSRDF","path":"/"}
{"hash":"QmbKo7k7DDKpvUGtyCeKqyUsashNa8BnsEfA5pVuctSRDF","path":"/"}
Your app is listening on port 3000
{"hash":"QmbKo7k7DDKpvUGtyCeKqyUsashNa8BnsEfA5pVuctSRDF","path":"/"}
{"hash":"QmbKo7k7DDKpvUGtyCeKqyUsashNa8BnsEfA5pVuctSRDF","path":"/"}
{"hash":"QmbKo7k7DDKpvUGtyCeKqyUsashNa8BnsEfA5pVuctSRDF","path":"/"}
{"hash":"QmbKo7k7DDKpvUGtyCeKqyUsashNa8BnsEfA5pVuctSRDF","path":"/"}
{"hash":"QmWE7YtJkmbdhcLFLYb7EeFU4fvpjHya3N5nhvVYFWfGwj","path":"/www/"}
{"hash":"QmWE7YtJkmbdhcLFLYb7EeFU4fvpjHya3N5nhvVYFWfGwj","path":"/www/"}
{"hash":"QmbKo7k7DDKpvUGtyCeKqyUsashNa8BnsEfA5pVuctSRDF","path":"/"}
{"hash":"QmbKo7k7DDKpvUGtyCeKqyUsashNa8BnsEfA5pVuctSRDF","path":"/"}
{"hash":"QmbKo7k7DDKpvUGtyCeKqyUsashNa8BnsEfA5pVuctSRDF","path":"/"}
{"hash":"QmbKo7k7DDKpvUGtyCeKqyUsashNa8BnsEfA5pVuctSRDF","path":"/"}
{"hash":"QmbKo7k7DDKpvUGtyCeKqyUsashNa8BnsEfA5pVuctSRDF","path":"/"}
{"hash":"QmbKo7k7DDKpvUGtyCeKqyUsashNa8BnsEfA5pVuctSRDF","path":"/"}
{"hash":"QmbKo7k7DDKpvUGtyCeKqyUsashNa8BnsEfA5pVuctSRDF","path":"/"}
{"hash":"QmbKo7k7DDKpvUGtyCeKqyUsashNa8BnsEfA5pVuctSRDF","path":"/"}
{"hash":"QmbKo7k7DDKpvUGtyCeKqyUsashNa8BnsEfA5pVuctSRDF","path":"/"}
{"hash":"QmbKo7k7DDKpvUGtyCeKqyUsashNa8BnsEfA5pVuctSRDF","path":"/"}
{"hash":"QmbKo7k7DDKpvUGtyCeKqyUsashNa8BnsEfA5pVuctSRDF","path":"/"}
{"hash":"QmbKo7k7DDKpvUGtyCeKqyUsashNa8BnsEfA5pVuctSRDF","path":"/"}
{"hash":"QmbKo7k7DDKpvUGtyCeKqyUsashNa8BnsEfA5pVuctSRDF","path":"/"}
{"hash":"QmWE7YtJkmbdhcLFLYb7EeFU4fvpjHya3N5nhvVYFWfGwj","path":"/www/"}
{"hash":"QmbKo7k7DDKpvUGtyCeKqyUsashNa8BnsEfA5pVuctSRDF","path":"/"}
{"hash":"QmbKo7k7DDKpvUGtyCeKqyUsashNa8BnsEfA5pVuctSRDF","path":"/"}
{"hash":"QmbKo7k7DDKpvUGtyCeKqyUsashNa8BnsEfA5pVuctSRDF","path":"/"}
{"hash":"QmbKo7k7DDKpvUGtyCeKqyUsashNa8BnsEfA5pVuctSRDF","path":"/"}
{"hash":"QmbKo7k7DDKpvUGtyCeKqyUsashNa8BnsEfA5pVuctSRDF","path":"/"}
{"hash":"QmbKo7k7DDKpvUGtyCeKqyUsashNa8BnsEfA5pVuctSRDF","path":"/"}
{"hash":"QmbKo7k7DDKpvUGtyCeKqyUsashNa8BnsEfA5pVuctSRDF","path":"/"}
{"hash":"QmbKo7k7DDKpvUGtyCeKqyUsashNa8BnsEfA5pVuctSRDF","path":"/"}
{"hash":"QmbKo7k7DDKpvUGtyCeKqyUsashNa8BnsEfA5pVuctSRDF","path":"/"}
{"hash":"QmbKo7k7DDKpvUGtyCeKqyUsashNa8BnsEfA5pVuctSRDF","path":"/"}
{"hash":"QmbKo7k7DDKpvUGtyCeKqyUsashNa8BnsEfA5pVuctSRDF","path":"/"}
{"hash":"QmbKo7k7DDKpvUGtyCeKqyUsashNa8BnsEfA5pVuctSRDF","path":"/"}
{"hash":"QmbKo7k7DDKpvUGtyCeKqyUsashNa8BnsEfA5pVuctSRDF","path":"/"}
{"hash":"QmbKo7k7DDKpvUGtyCeKqyUsashNa8BnsEfA5pVuctSRDF","path":"/"}
{"hash":"QmWE7YtJkmbdhcLFLYb7EeFU4fvpjHya3N5nhvVYFWfGwj","path":"/www/"}
{"hash":"QmWE7YtJkmbdhcLFLYb7EeFU4fvpjHya3N5nhvVYFWfGwj","path":"/www/"}
{"hash":"QmWE7YtJkmbdhcLFLYb7EeFU4fvpjHya3N5nhvVYFWfGwj","path":"/www/"}
{"hash":"QmbKo7k7DDKpvUGtyCeKqyUsashNa8BnsEfA5pVuctSRDF","path":"/"}
{"hash":"QmbKo7k7DDKpvUGtyCeKqyUsashNa8BnsEfA5pVuctSRDF","path":"/"}
{"hash":"QmWE7YtJkmbdhcLFLYb7EeFU4fvpjHya3N5nhvVYFWfGwj","path":"/www/"}
{"hash":"QmbKo7k7DDKpvUGtyCeKqyUsashNa8BnsEfA5pVuctSRDF","path":"/"}
{"hash":"QmbKo7k7DDKpvUGtyCeKqyUsashNa8BnsEfA5pVuctSRDF","path":"/"}
{"hash":"QmbKo7k7DDKpvUGtyCeKqyUsashNa8BnsEfA5pVuctSRDF","path":"/"}
{"hash":"QmbKo7k7DDKpvUGtyCeKqyUsashNa8BnsEfA5pVuctSRDF","path":"/"}
Your app is listening on port 3000
{"hash":"QmbKo7k7DDKpvUGtyCeKqyUsashNa8BnsEfA5pVuctSRDF","path":"/"}
{"hash":"QmbKo7k7DDKpvUGtyCeKqyUsashNa8BnsEfA5pVuctSRDF","path":"/"}
{"hash":"QmbKo7k7DDKpvUGtyCeKqyUsashNa8BnsEfA5pVuctSRDF","path":"/"}
{"hash":"QmbKo7k7DDKpvUGtyCeKqyUsashNa8BnsEfA5pVuctSRDF","path":"/"}
{"hash":"QmbKo7k7DDKpvUGtyCeKqyUsashNa8BnsEfA5pVuctSRDF","path":"/"}
{"hash":"QmWE7YtJkmbdhcLFLYb7EeFU4fvpjHya3N5nhvVYFWfGwj","path":"/www/"}
{"hash":"QmWE7YtJkmbdhcLFLYb7EeFU4fvpjHya3N5nhvVYFWfGwj","path":"/www/"}
{"hash":"QmWE7YtJkmbdhcLFLYb7EeFU4fvpjHya3N5nhvVYFWfGwj","path":"/www/"}
{"hash":"QmWE7YtJkmbdhcLFLYb7EeFU4fvpjHya3N5nhvVYFWfGwj","path":"/www/"}
{"hash":"QmWE7YtJkmbdhcLFLYb7EeFU4fvpjHya3N5nhvVYFWfGwj","path":"/www/"}
{"hash":"QmWE7YtJkmbdhcLFLYb7EeFU4fvpjHya3N5nhvVYFWfGwj","path":"/www/"}
{"hash":"QmWE7YtJkmbdhcLFLYb7EeFU4fvpjHya3N5nhvVYFWfGwj","path":"/www/"}
{"hash":"QmWE7YtJkmbdhcLFLYb7EeFU4fvpjHya3N5nhvVYFWfGwj","path":"/www/"}
{"hash":"QmbKo7k7DDKpvUGtyCeKqyUsashNa8BnsEfA5pVuctSRDF","path":"/"}
{"hash":"QmbKo7k7DDKpvUGtyCeKqyUsashNa8BnsEfA5pVuctSRDF","path":"/"}
{"hash":"QmbKo7k7DDKpvUGtyCeKqyUsashNa8BnsEfA5pVuctSRDF","path":"/"}
{"hash":"QmbKo7k7DDKpvUGtyCeKqyUsashNa8BnsEfA5pVuctSRDF","path":"/"}
{"hash":"QmbKo7k7DDKpvUGtyCeKqyUsashNa8BnsEfA5pVuctSRDF","path":"/"}
{"hash":"QmbKo7k7DDKpvUGtyCeKqyUsashNa8BnsEfA5pVuctSRDF","path":"/"}
Your app is listening on port 3000
{"hash":"QmbKo7k7DDKpvUGtyCeKqyUsashNa8BnsEfA5pVuctSRDF","path":"/"}
{"hash":"QmbKo7k7DDKpvUGtyCeKqyUsashNa8BnsEfA5pVuctSRDF","path":"/"}
{"hash":"QmbKo7k7DDKpvUGtyCeKqyUsashNa8BnsEfA5pVuctSRDF","path":"/"}
